Unity Editor version:    2021.3.8f1 (b30333d56e81)
Branch:                  2021.3/staging
Build type:              Release
Batch mode:              YES
macOS version:           Version 12.6.1 (Build 21G217)
Darwin version:          21.6.0
Architecture:            arm64
Running under Rosetta:   NO
Available memory:        32768 MB
Using pre-set license
Pro License: YES

COMMAND LINE ARGUMENTS:
/Applications/Unity/Hub/Editor/2021.3.8f1/Unity.app/Contents/MacOS/Unity
-adb2
-batchMode
-noUpm
-name
AssetImportWorker0
-projectPath
/Users/joinho/Code/UnityProject/EscapeFromField/EscapeFromField
-logFile
Logs/AssetImportWorker0.log
-srvPort
57104
Successfully changed project path to: /Users/joinho/Code/UnityProject/EscapeFromField/EscapeFromField
/Users/joinho/Code/UnityProject/EscapeFromField/EscapeFromField
[UnityMemory] Configuration Parameters - Can be set up in boot.config
    "memorysetup-bucket-allocator-granularity=16"
    "memorysetup-bucket-allocator-bucket-count=8"
    "memorysetup-bucket-allocator-block-size=33554432"
    "memorysetup-bucket-allocator-block-count=8"
    "memorysetup-main-allocator-block-size=16777216"
    "memorysetup-thread-allocator-block-size=16777216"
    "memorysetup-gfx-main-allocator-block-size=16777216"
    "memorysetup-gfx-thread-allocator-block-size=16777216"
    "memorysetup-cache-allocator-block-size=4194304"
    "memorysetup-typetree-allocator-block-size=2097152"
    "memorysetup-profiler-bucket-allocator-granularity=16"
    "memorysetup-profiler-bucket-allocator-bucket-count=8"
    "memorysetup-profiler-bucket-allocator-block-size=33554432"
    "memorysetup-profiler-bucket-allocator-block-count=8"
    "memorysetup-profiler-allocator-block-size=16777216"
    "memorysetup-profiler-editor-allocator-block-size=1048576"
    "memorysetup-temp-allocator-size-main=16777216"
    "memorysetup-job-temp-allocator-block-size=2097152"
    "memorysetup-job-temp-allocator-block-size-background=1048576"
    "memorysetup-job-temp-allocator-reduction-small-platforms=262144"
    "memorysetup-temp-allocator-size-background-worker=32768"
    "memorysetup-temp-allocator-size-job-worker=262144"
    "memorysetup-temp-allocator-size-preload-manager=33554432"
    "memorysetup-temp-allocator-size-nav-mesh-worker=65536"
    "memorysetup-temp-allocator-size-audio-worker=65536"
    "memorysetup-temp-allocator-size-cloud-worker=32768"
    "memorysetup-temp-allocator-size-gi-baking-worker=262144"
    "memorysetup-temp-allocator-size-gfx=262144"
Refreshing native plugins compatible for Editor in 71.57 ms, found 2 plugins.
Preloading 0 native plugins for Editor in 0.00 ms.
Initialize engine version: 2021.3.8f1 (b30333d56e81)
[Subsystems] Discovering subsystems at path /Applications/Unity/Hub/Editor/2021.3.8f1/Unity.app/Contents/Resources/UnitySubsystems
[Subsystems] Discovering subsystems at path /Users/joinho/Code/UnityProject/EscapeFromField/EscapeFromField/Assets
GfxDevice: creating device client; threaded=0; jobified=0
 preferred device: Apple M1 Max (high power)
Metal devices available: 1
0: Apple M1 Max (high power)
Using device Apple M1 Max (high power)
Initializing Metal device caps: Apple M1 Max
Initialize mono
Mono path[0] = '/Applications/Unity/Hub/Editor/2021.3.8f1/Unity.app/Contents/Managed'
Mono path[1] = '/Applications/Unity/Hub/Editor/2021.3.8f1/Unity.app/Contents/MonoBleedingEdge/lib/mono/unityjit-macos'
Mono config path = '/Applications/Unity/Hub/Editor/2021.3.8f1/Unity.app/Contents/MonoBleedingEdge/etc'
Using monoOptions --debugger-agent=transport=dt_socket,embedding=1,server=y,suspend=n,address=127.0.0.1:56701
Begin MonoManager ReloadAssembly
Registering precompiled unity dll's ...
Register platform support module: /Applications/Unity/Hub/Editor/2021.3.8f1/Unity.app/Contents/PlaybackEngines/MacStandaloneSupport/UnityEditor.OSXStandalone.Extensions.dll
Register platform support module: /Applications/Unity/Hub/Editor/2021.3.8f1/PlaybackEngines/WindowsStandaloneSupport/UnityEditor.WindowsStandalone.Extensions.dll
Registered in 0.000454 seconds.
Native extension for WindowsStandalone target not found
Native extension for OSXStandalone target not found
Refreshing native plugins compatible for Editor in 73.90 ms, found 2 plugins.
Preloading 0 native plugins for Editor in 0.00 ms.
Mono: successfully reloaded assembly
- Completed reload, in  0.357 seconds
Domain Reload Profiling:
	ReloadAssembly (357ms)
		BeginReloadAssembly (25ms)
			ExecutionOrderSort (0ms)
			DisableScriptedObjects (0ms)
			BackupInstance (0ms)
			ReleaseScriptingObjects (0ms)
			CreateAndSetChildDomain (0ms)
		EndReloadAssembly (273ms)
			LoadAssemblies (25ms)
			RebuildTransferFunctionScriptingTraits (0ms)
			SetupTypeCache (59ms)
			ReleaseScriptCaches (0ms)
			RebuildScriptCaches (18ms)
			SetupLoadedEditorAssemblies (171ms)
				LogAssemblyErrors (0ms)
				InitializePlatformSupportModulesInManaged (4ms)
				SetLoadedEditorAssemblies (0ms)
				RefreshPlugins (74ms)
				BeforeProcessingInitializeOnLoad (1ms)
				ProcessInitializeOnLoadAttributes (69ms)
				ProcessInitializeOnLoadMethodAttributes (23ms)
				AfterProcessingInitializeOnLoad (0ms)
				EditorAssembliesLoaded (0ms)
			ExecutionOrderSort2 (0ms)
			AwakeInstancesAfterBackupRestoration (0ms)
Platform modules already initialized, skipping
Registering precompiled user dll's ...
Registered in 0.001240 seconds.
Begin MonoManager ReloadAssembly
Symbol file LoadedFromMemory doesn't match image /Users/joinho/Code/UnityProject/EscapeFromField/EscapeFromField/Library/PackageCache/com.unity.visualscripting@1.7.8/Editor/VisualScripting.Core/Dependencies/YamlDotNet/Unity.VisualScripting.YamlDotNet.dll
Symbol file LoadedFromMemory doesn't match image /Users/joinho/Code/UnityProject/EscapeFromField/EscapeFromField/Library/PackageCache/com.unity.visualscripting@1.7.8/Editor/VisualScripting.Core/Dependencies/DotNetZip/Unity.VisualScripting.IonicZip.dll
Native extension for WindowsStandalone target not found
Native extension for OSXStandalone target not found
Refreshing native plugins compatible for Editor in 0.46 ms, found 2 plugins.
Preloading 0 native plugins for Editor in 0.00 ms.
Mono: successfully reloaded assembly
- Completed reload, in  0.561 seconds
Domain Reload Profiling:
	ReloadAssembly (562ms)
		BeginReloadAssembly (48ms)
			ExecutionOrderSort (0ms)
			DisableScriptedObjects (3ms)
			BackupInstance (0ms)
			ReleaseScriptingObjects (0ms)
			CreateAndSetChildDomain (11ms)
		EndReloadAssembly (451ms)
			LoadAssemblies (27ms)
			RebuildTransferFunctionScriptingTraits (0ms)
			SetupTypeCache (155ms)
			ReleaseScriptCaches (0ms)
			RebuildScriptCaches (32ms)
			SetupLoadedEditorAssemblies (208ms)
				LogAssemblyErrors (0ms)
				InitializePlatformSupportModulesInManaged (3ms)
				SetLoadedEditorAssemblies (0ms)
				RefreshPlugins (0ms)
				BeforeProcessingInitializeOnLoad (55ms)
				ProcessInitializeOnLoadAttributes (133ms)
				ProcessInitializeOnLoadMethodAttributes (15ms)
				AfterProcessingInitializeOnLoad (1ms)
				EditorAssembliesLoaded (0ms)
			ExecutionOrderSort2 (0ms)
			AwakeInstancesAfterBackupRestoration (2ms)
Platform modules already initialized, skipping
========================================================================
Worker process is ready to serve import requests
Launching external process: /Applications/Unity/Hub/Editor/2021.3.8f1/Unity.app/Contents/Tools/UnityShaderCompiler
Launched and connected shader compiler UnityShaderCompiler after 0.04 seconds
Refreshing native plugins compatible for Editor in 0.49 ms, found 2 plugins.
Preloading 0 native plugins for Editor in 0.00 ms.
Unloading 3512 Unused Serialized files (Serialized files now loaded: 0)
Unloading 27 unused Assets / (94.3 KB). Loaded Objects now: 3985.
Memory consumption went from 247.2 MB to 247.1 MB.
Total: 2.178208 ms (FindLiveObjects: 0.095291 ms CreateObjectMapping: 0.041000 ms MarkObjects: 1.950584 ms  DeleteObjects: 0.090583 ms)

AssetImportParameters requested are different than current active one (requested -> active):
  custom:video-decoder-ogg-theora: a1e56fd34408186e4bbccfd4996cb3dc -> 
  custom:container-muxer-webm: aa71ff27fc2769a1b78a27578f13a17b -> 
  custom:container-demuxer-webm: 4f35f7cbe854078d1ac9338744f61a02 -> 
  custom:video-encoder-webm-vp8: eb34c28f22e8b96e1ab97ce403110664 -> 
  custom:framework-osx-AVFoundation: e770b220cccbd017edd2c1fefb359320 -> 
  custom:audio-encoder-webm-vorbis: bf7c407c2cedff20999df2af8eb42d56 -> 
  custom:container-demuxer-ogg: 62fdf1f143b41e24485cea50d1cbac27 -> 
  custom:video-decoder-webm-vp8: 9c59270c3fd7afecdb556c50c9e8de78 -> 
  custom:audio-decoder-ogg-vorbis: bf7c407c2cedff20999df2af8eb42d56 -> 
========================================================================
Received Import Request.
  Time since last request: 416330.700303 seconds.
  path: Assets/Script/TTS_Camo_DigiUrban_Support.prefab
  artifactKey: Guid(ec420a2531e14ab47bfc636b5cff1b9f) Importer(815301076,1909f56bfc062723c751e8b465ee728b)
Start importing Assets/Script/TTS_Camo_DigiUrban_Support.prefab using Guid(ec420a2531e14ab47bfc636b5cff1b9f) Importer(815301076,1909f56bfc062723c751e8b465ee728b)  -> (artifact id: '166524cdeab7a10d07856943087c4fd9') in 0.478204 seconds 
========================================================================
Received Import Request.
  Time since last request: 0.000051 seconds.
  path: Assets/Script/Cube.prefab
  artifactKey: Guid(7f8b02defe7ee50468044ed4dbfef79c) Importer(815301076,1909f56bfc062723c751e8b465ee728b)
Start importing Assets/Script/Cube.prefab using Guid(7f8b02defe7ee50468044ed4dbfef79c) Importer(815301076,1909f56bfc062723c751e8b465ee728b)  -> (artifact id: '77d16f5d5056090307d34dd8410bdfb8') in 0.006403 seconds 
========================================================================
Received Import Request.
  Time since last request: 0.000051 seconds.
  path: Assets/Script/TTS_Camo_ucp_Support.prefab
  artifactKey: Guid(6adae356b1f3fcb45aeb6c195440a838) Importer(815301076,1909f56bfc062723c751e8b465ee728b)
Start importing Assets/Script/TTS_Camo_ucp_Support.prefab using Guid(6adae356b1f3fcb45aeb6c195440a838) Importer(815301076,1909f56bfc062723c751e8b465ee728b)  -> (artifact id: 'b9631e20b69297324cc60795fd98a021') in 0.031909 seconds 
========================================================================
Received Import Request.
  Time since last request: 4.044448 seconds.
  path: Assets/Script/Item
  artifactKey: Guid(9d59b4733dda1b246a2de53a4c258b28) Importer(815301076,1909f56bfc062723c751e8b465ee728b)
Start importing Assets/Script/Item using Guid(9d59b4733dda1b246a2de53a4c258b28) Importer(815301076,1909f56bfc062723c751e8b465ee728b)  -> (artifact id: '3581b01a053b1f51bf3737a903a03d8c') in 0.000968 seconds 
========================================================================
Received Import Request.
  Time since last request: 211.475470 seconds.
  path: Assets/Script/Item/Items.cs
  artifactKey: Guid(2908bd6ec8dce4c719281ba107821af6) Importer(815301076,1909f56bfc062723c751e8b465ee728b)
Start importing Assets/Script/Item/Items.cs using Guid(2908bd6ec8dce4c719281ba107821af6) Importer(815301076,1909f56bfc062723c751e8b465ee728b)  -> (artifact id: 'cc76b398bf7be56c72c215d244874b7d') in 0.069596 seconds 
========================================================================
Received Import Request.
  Time since last request: 13.442844 seconds.
  path: Assets/Script/Item/Items.cs
  artifactKey: Guid(2908bd6ec8dce4c719281ba107821af6) Importer(815301076,1909f56bfc062723c751e8b465ee728b)
Start importing Assets/Script/Item/Items.cs using Guid(2908bd6ec8dce4c719281ba107821af6) Importer(815301076,1909f56bfc062723c751e8b465ee728b)  -> (artifact id: '8c7b34eccce5b6d38022d7ac826789f4') in 0.000729 seconds 
========================================================================
Received Import Request.
  Time since last request: 43.012465 seconds.
  path: Assets/Script/UI
  artifactKey: Guid(37a1ed0d398c31f449b10e284b462029) Importer(815301076,1909f56bfc062723c751e8b465ee728b)
Start importing Assets/Script/UI using Guid(37a1ed0d398c31f449b10e284b462029) Importer(815301076,1909f56bfc062723c751e8b465ee728b)  -> (artifact id: '5e146f50881762b8ac8ee32b2a1226a2') in 0.000610 seconds 
========================================================================
Received Import Request.
  Time since last request: 3.326572 seconds.
  path: Assets/Script/UI/QuitButton.cs
  artifactKey: Guid(a2caa9e87acebf64c82373ba88521302) Importer(815301076,1909f56bfc062723c751e8b465ee728b)
Start importing Assets/Script/UI/QuitButton.cs using Guid(a2caa9e87acebf64c82373ba88521302) Importer(815301076,1909f56bfc062723c751e8b465ee728b)  -> (artifact id: '3c584a4769a6296e8eaeaccbfc5252f1') in 0.001098 seconds 
========================================================================
Received Import Request.
  Time since last request: 14.239001 seconds.
  path: Assets/Script/UI/OnInventory1.cs
  artifactKey: Guid(1da6e491820fe4d0d955f13be8736e34) Importer(815301076,1909f56bfc062723c751e8b465ee728b)
Start importing Assets/Script/UI/OnInventory1.cs using Guid(1da6e491820fe4d0d955f13be8736e34) Importer(815301076,1909f56bfc062723c751e8b465ee728b)  -> (artifact id: 'ea58a5e2c562e391130e9ef0481b4503') in 0.000780 seconds 
========================================================================
Received Import Request.
  Time since last request: 20.523870 seconds.
  path: Assets/Script/UI/OnInventory.cs
  artifactKey: Guid(1da6e491820fe4d0d955f13be8736e34) Importer(815301076,1909f56bfc062723c751e8b465ee728b)
Start importing Assets/Script/UI/OnInventory.cs using Guid(1da6e491820fe4d0d955f13be8736e34) Importer(815301076,1909f56bfc062723c751e8b465ee728b)  -> (artifact id: 'b7824e185cec4a17c2e7922ae2ad0be5') in 0.001084 seconds 
========================================================================
Received Import Request.
  Time since last request: 8.768830 seconds.
  path: Assets/Script/UI/OnInventory.cs
  artifactKey: Guid(1da6e491820fe4d0d955f13be8736e34) Importer(815301076,1909f56bfc062723c751e8b465ee728b)
Start importing Assets/Script/UI/OnInventory.cs using Guid(1da6e491820fe4d0d955f13be8736e34) Importer(815301076,1909f56bfc062723c751e8b465ee728b)  -> (artifact id: '05880a3b9754294b5ed799d27f34811b') in 0.000680 seconds 
========================================================================
Received Import Request.
  Time since last request: 36.153835 seconds.
  path: Assets/Script/UI/OnInventory.cs
  artifactKey: Guid(1da6e491820fe4d0d955f13be8736e34) Importer(815301076,1909f56bfc062723c751e8b465ee728b)
Start importing Assets/Script/UI/OnInventory.cs using Guid(1da6e491820fe4d0d955f13be8736e34) Importer(815301076,1909f56bfc062723c751e8b465ee728b)  -> (artifact id: 'b3e03f321a65015ce8b3f90c6d98a74a') in 0.000841 seconds 
========================================================================
Received Prepare
Registering precompiled user dll's ...
Registered in 0.001201 seconds.
Begin MonoManager ReloadAssembly
Thread 0x288487000 may have been prematurely finalized
Symbol file LoadedFromMemory doesn't match image /Users/joinho/Code/UnityProject/EscapeFromField/EscapeFromField/Library/PackageCache/com.unity.visualscripting@1.7.8/Editor/VisualScripting.Core/Dependencies/YamlDotNet/Unity.VisualScripting.YamlDotNet.dll
Symbol file LoadedFromMemory doesn't match image /Users/joinho/Code/UnityProject/EscapeFromField/EscapeFromField/Library/PackageCache/com.unity.visualscripting@1.7.8/Editor/VisualScripting.Core/Dependencies/DotNetZip/Unity.VisualScripting.IonicZip.dll
Native extension for WindowsStandalone target not found
Native extension for OSXStandalone target not found
Refreshing native plugins compatible for Editor in 0.48 ms, found 2 plugins.
Preloading 0 native plugins for Editor in 0.00 ms.
Mono: successfully reloaded assembly
- Completed reload, in  0.570 seconds
Domain Reload Profiling:
	ReloadAssembly (571ms)
		BeginReloadAssembly (71ms)
			ExecutionOrderSort (0ms)
			DisableScriptedObjects (3ms)
			BackupInstance (0ms)
			ReleaseScriptingObjects (0ms)
			CreateAndSetChildDomain (24ms)
		EndReloadAssembly (443ms)
			LoadAssemblies (29ms)
			RebuildTransferFunctionScriptingTraits (0ms)
			SetupTypeCache (170ms)
			ReleaseScriptCaches (1ms)
			RebuildScriptCaches (30ms)
			SetupLoadedEditorAssemblies (181ms)
				LogAssemblyErrors (0ms)
				InitializePlatformSupportModulesInManaged (6ms)
				SetLoadedEditorAssemblies (0ms)
				RefreshPlugins (1ms)
				BeforeProcessingInitializeOnLoad (41ms)
				ProcessInitializeOnLoadAttributes (117ms)
				ProcessInitializeOnLoadMethodAttributes (15ms)
				AfterProcessingInitializeOnLoad (1ms)
				EditorAssembliesLoaded (0ms)
			ExecutionOrderSort2 (0ms)
			AwakeInstancesAfterBackupRestoration (2ms)
Platform modules already initialized, skipping
Refreshing native plugins compatible for Editor in 0.87 ms, found 2 plugins.
Preloading 0 native plugins for Editor in 0.00 ms.
Unloading 3507 Unused Serialized files (Serialized files now loaded: 0)
Unloading 21 unused Assets / (72.0 KB). Loaded Objects now: 3998.
Memory consumption went from 261.0 MB to 260.9 MB.
Total: 2.213542 ms (FindLiveObjects: 0.100750 ms CreateObjectMapping: 0.040625 ms MarkObjects: 2.012584 ms  DeleteObjects: 0.058792 ms)

AssetImportParameters requested are different than current active one (requested -> active):
  custom:video-decoder-ogg-theora: a1e56fd34408186e4bbccfd4996cb3dc -> 
  custom:container-muxer-webm: aa71ff27fc2769a1b78a27578f13a17b -> 
  custom:container-demuxer-webm: 4f35f7cbe854078d1ac9338744f61a02 -> 
  custom:video-encoder-webm-vp8: eb34c28f22e8b96e1ab97ce403110664 -> 
  custom:framework-osx-AVFoundation: e770b220cccbd017edd2c1fefb359320 -> 
  custom:audio-encoder-webm-vorbis: bf7c407c2cedff20999df2af8eb42d56 -> 
  custom:container-demuxer-ogg: 62fdf1f143b41e24485cea50d1cbac27 -> 
  custom:video-decoder-webm-vp8: 9c59270c3fd7afecdb556c50c9e8de78 -> 
  custom:audio-decoder-ogg-vorbis: bf7c407c2cedff20999df2af8eb42d56 -> 
========================================================================
Received Import Request.
  Time since last request: 10.865644 seconds.
  path: Assets/Scenes/MainMenu.unity
  artifactKey: Guid(9ab83fff8de0fc5489cdc5edf92bfff3) Importer(815301076,1909f56bfc062723c751e8b465ee728b)
Start importing Assets/Scenes/MainMenu.unity using Guid(9ab83fff8de0fc5489cdc5edf92bfff3) Importer(815301076,1909f56bfc062723c751e8b465ee728b)  -> (artifact id: 'dd3fb801c945206535c52adfc99ea588') in 0.004687 seconds 
========================================================================
Received Import Request.
  Time since last request: 6.125282 seconds.
  path: Assets/Scenes/End.unity
  artifactKey: Guid(590f605fed1463043828134c464ad21f) Importer(815301076,1909f56bfc062723c751e8b465ee728b)
Start importing Assets/Scenes/End.unity using Guid(590f605fed1463043828134c464ad21f) Importer(815301076,1909f56bfc062723c751e8b465ee728b)  -> (artifact id: '3811e29681e78e8b68b7bde20b64a3cb') in 0.001187 seconds 
========================================================================
Received Import Request.
  Time since last request: 1.484157 seconds.
  path: Assets/Scenes/SampleScene.unity
  artifactKey: Guid(9fc0d4010bbf28b4594072e72b8655ab) Importer(815301076,1909f56bfc062723c751e8b465ee728b)
Start importing Assets/Scenes/SampleScene.unity using Guid(9fc0d4010bbf28b4594072e72b8655ab) Importer(815301076,1909f56bfc062723c751e8b465ee728b)  -> (artifact id: '8e95a76b3e433713ebe23bb94aa10523') in 0.001092 seconds 
